<?xml version="1.0" encoding="UTF-8"?>
<testng-results ignored="0" total="1" passed="1" failed="0" skipped="0">
  <reporter-output>
  </reporter-output>
  <suite started-at="2022-04-08T21:13:28 IST" name="Surefire suite" finished-at="2022-04-08T21:13:41 IST" duration-ms="12908">
    <groups>
    </groups>
    <test started-at="2022-04-08T21:13:28 IST" name="Surefire test" finished-at="2022-04-08T21:13:41 IST" duration-ms="12908">
      <class name="extentReport.ExtentReportTest">
        <test-method is-config="true" signature="configuration()[pri:0, instance:extentReport.ExtentReportTest@69453e37]" started-at="2022-04-08T21:13:28 IST" name="configuration" finished-at="2022-04-08T21:13:29 IST" duration-ms="175" status="PASS">
          <reporter-output>
          </reporter-output>
        </test-method> <!-- configuration -->
        <test-method signature="DemoRun()[pri:0, instance:extentReport.ExtentReportTest@69453e37]" started-at="2022-04-08T21:13:29 IST" name="DemoRun" finished-at="2022-04-08T21:13:41 IST" duration-ms="12510" status="PASS">
          <reporter-output>
          </reporter-output>
        </test-method> <!-- DemoRun -->
        <test-method is-config="true" signature="tearDown()[pri:0, instance:extentReport.ExtentReportTest@69453e37]" started-at="2022-04-08T21:13:41 IST" name="tearDown" finished-at="2022-04-08T21:13:41 IST" duration-ms="191" status="PASS">
          <reporter-output>
          </reporter-output>
        </test-method> <!-- tearDown -->
      </class> <!-- extentReport.ExtentReportTest -->
    </test> <!-- Surefire test -->
  </suite> <!-- Surefire suite -->
</testng-results>
