<?xml version="1.0" encoding="UTF-8"?>
<testng-results ignored="0" total="1" passed="1" failed="0" skipped="0">
  <reporter-output>
  </reporter-output>
  <suite started-at="2022-04-08T21:39:53 IST" name="Default suite" finished-at="2022-04-08T21:40:03 IST" duration-ms="10486">
    <groups>
    </groups>
    <test started-at="2022-04-08T21:39:53 IST" name="Default test" finished-at="2022-04-08T21:40:03 IST" duration-ms="10486">
      <class name="extentReport.ExtentReportTest">
        <test-method is-config="true" signature="configuration()[pri:0, instance:extentReport.ExtentReportTest@543588e6]" started-at="2022-04-08T21:39:53 IST" name="configuration" finished-at="2022-04-08T21:39:53 IST" duration-ms="300" status="PASS">
          <reporter-output>
          </reporter-output>
        </test-method> <!-- configuration -->
        <test-method signature="DemoRun()[pri:0, instance:extentReport.ExtentReportTest@543588e6]" started-at="2022-04-08T21:39:53 IST" name="DemoRun" finished-at="2022-04-08T21:40:02 IST" duration-ms="9485" status="PASS">
          <reporter-output>
          </reporter-output>
        </test-method> <!-- DemoRun -->
        <test-method is-config="true" signature="tearDown()[pri:0, instance:extentReport.ExtentReportTest@543588e6]" started-at="2022-04-08T21:40:02 IST" name="tearDown" finished-at="2022-04-08T21:40:03 IST" duration-ms="667" status="PASS">
          <reporter-output>
          </reporter-output>
        </test-method> <!-- tearDown -->
      </class> <!-- extentReport.ExtentReportTest -->
    </test> <!-- Default test -->
  </suite> <!-- Default suite -->
</testng-results>
